<?xml version="1.0" encoding="UTF-8" ?>
<testsuite failures="0" time="0.815" errors="0" skipped="0" tests="9" name="com.dw.roo.conference.domain.TalkIntegrationTest">
  <properties>
[...]
</properties>
  <testcase time="0.009" classname="com.dw.roo.conference.domain.TalkIntegrationTest" name="testMarkerMethod"/>
  <testcase time="0.105" classname="com.dw.roo.conference.domain.TalkIntegrationTest" name="testFlush"/>
  <testcase time="0.134" classname="com.dw.roo.conference.domain.TalkIntegrationTest" name="testMerge"/>
  <testcase time="0.084" classname="com.dw.roo.conference.domain.TalkIntegrationTest" name="testPersist"/>
  <testcase time="0.074" classname="com.dw.roo.conference.domain.TalkIntegrationTest" name="testRemove"/>
  <testcase time="0.11" classname="com.dw.roo.conference.domain.TalkIntegrationTest" name="testCountTalks"/>
  <testcase time="0.118" classname="com.dw.roo.conference.domain.TalkIntegrationTest" name="testFindTalk"/>
  <testcase time="0.088" classname="com.dw.roo.conference.domain.TalkIntegrationTest" name="testFindAllTalks"/>
  <testcase time="0.072" classname="com.dw.roo.conference.domain.TalkIntegrationTest" name="testFindTalkEntries"/>
</testsuite>